{"D:\\book-manager-node\\book.js": {"path":"D:\\book-manager-node\\book.js","statementMap":{"0":{"start":{"line":3,"column":8},"end":{"line":5,"column":9}},"1":{"start":{"line":4,"column":12},"end":{"line":4,"column":61}},"2":{"start":{"line":6,"column":8},"end":{"line":8,"column":9}},"3":{"start":{"line":7,"column":12},"end":{"line":7,"column":62}},"4":{"start":{"line":9,"column":8},"end":{"line":11,"column":9}},"5":{"start":{"line":10,"column":12},"end":{"line":10,"column":63}},"6":{"start":{"line":13,"column":8},"end":{"line":13,"column":34}},"7":{"start":{"line":14,"column":8},"end":{"line":14,"column":36}},"8":{"start":{"line":15,"column":8},"end":{"line":15,"column":25}},"9":{"start":{"line":19,"column":8},"end":{"line":19,"column":64}},"10":{"start":{"line":23,"column":8},"end":{"line":25,"column":9}},"11":{"start":{"line":24,"column":12},"end":{"line":24,"column":25}},"12":{"start":{"line":26,"column":8},"end":{"line":28,"column":40}},"13":{"start":{"line":32,"column":0},"end":{"line":32,"column":22}}},"fnMap":{"0":{"name":"(anonymous_0)","decl":{"start":{"line":2,"column":4},"end":{"line":2,"column":5}},"loc":{"start":{"line":2,"column":37},"end":{"line":16,"column":5}},"line":2},"1":{"name":"(anonymous_1)","decl":{"start":{"line":18,"column":4},"end":{"line":18,"column":5}},"loc":{"start":{"line":18,"column":15},"end":{"line":20,"column":5}},"line":18},"2":{"name":"(anonymous_2)","decl":{"start":{"line":22,"column":4},"end":{"line":22,"column":5}},"loc":{"start":{"line":22,"column":18},"end":{"line":29,"column":5}},"line":22}},"branchMap":{"0":{"loc":{"start":{"line":3,"column":8},"end":{"line":5,"column":9}},"type":"if","locations":[{"start":{"line":3,"column":8},"end":{"line":5,"column":9}},{"start":{},"end":{}}],"line":3},"1":{"loc":{"start":{"line":3,"column":12},"end":{"line":3,"column":43}},"type":"binary-expr","locations":[{"start":{"line":3,"column":12},"end":{"line":3,"column":26}},{"start":{"line":3,"column":30},"end":{"line":3,"column":43}}],"line":3},"2":{"loc":{"start":{"line":6,"column":8},"end":{"line":8,"column":9}},"type":"if","locations":[{"start":{"line":6,"column":8},"end":{"line":8,"column":9}},{"start":{},"end":{}}],"line":6},"3":{"loc":{"start":{"line":6,"column":12},"end":{"line":6,"column":45}},"type":"binary-expr","locations":[{"start":{"line":6,"column":12},"end":{"line":6,"column":27}},{"start":{"line":6,"column":31},"end":{"line":6,"column":45}}],"line":6},"4":{"loc":{"start":{"line":9,"column":8},"end":{"line":11,"column":9}},"type":"if","locations":[{"start":{"line":9,"column":8},"end":{"line":11,"column":9}},{"start":{},"end":{}}],"line":9},"5":{"loc":{"start":{"line":9,"column":12},"end":{"line":9,"column":35}},"type":"binary-expr","locations":[{"start":{"line":9,"column":12},"end":{"line":9,"column":20}},{"start":{"line":9,"column":24},"end":{"line":9,"column":35}}],"line":9},"6":{"loc":{"start":{"line":23,"column":8},"end":{"line":25,"column":9}},"type":"if","locations":[{"start":{"line":23,"column":8},"end":{"line":25,"column":9}},{"start":{},"end":{}}],"line":23},"7":{"loc":{"start":{"line":26,"column":15},"end":{"line":28,"column":39}},"type":"binary-expr","locations":[{"start":{"line":26,"column":15},"end":{"line":26,"column":41}},{"start":{"line":27,"column":15},"end":{"line":27,"column":43}},{"start":{"line":28,"column":15},"end":{"line":28,"column":39}}],"line":26}},"s":{"0":7,"1":0,"2":7,"3":0,"4":7,"5":0,"6":7,"7":7,"8":7,"9":0,"10":0,"11":0,"12":0,"13":1},"f":{"0":7,"1":0,"2":0},"b":{"0":[0,7],"1":[7,7],"2":[0,7],"3":[7,7],"4":[0,7],"5":[7,7],"6":[0,0],"7":[0,0,0]},"_coverageSchema":"1a1c01bbd47fc00a2c39e90264f33305004495a9","hash":"ab035bc058c6e9c93c29f4d7007404c1b5077762"}
,"D:\\book-manager-node\\bookManager.js": {"path":"D:\\book-manager-node\\bookManager.js","statementMap":{"0":{"start":{"line":1,"column":13},"end":{"line":1,"column":30}},"1":{"start":{"line":5,"column":8},"end":{"line":5,"column":24}},"2":{"start":{"line":9,"column":8},"end":{"line":11,"column":9}},"3":{"start":{"line":10,"column":12},"end":{"line":10,"column":51}},"4":{"start":{"line":12,"column":8},"end":{"line":12,"column":30}},"5":{"start":{"line":16,"column":8},"end":{"line":18,"column":9}},"6":{"start":{"line":17,"column":12},"end":{"line":17,"column":61}},"7":{"start":{"line":20,"column":27},"end":{"line":20,"column":53}},"8":{"start":{"line":21,"column":30},"end":{"line":21,"column":47}},"9":{"start":{"line":22,"column":8},"end":{"line":24,"column":10}},"10":{"start":{"line":23,"column":12},"end":{"line":23,"column":51}},"11":{"start":{"line":25,"column":8},"end":{"line":25,"column":49}},"12":{"start":{"line":29,"column":8},"end":{"line":29,"column":31}},"13":{"start":{"line":33,"column":8},"end":{"line":35,"column":9}},"14":{"start":{"line":34,"column":12},"end":{"line":34,"column":62}},"15":{"start":{"line":37,"column":28},"end":{"line":37,"column":55}},"16":{"start":{"line":38,"column":8},"end":{"line":40,"column":10}},"17":{"start":{"line":39,"column":12},"end":{"line":39,"column":53}},"18":{"start":{"line":44,"column":8},"end":{"line":46,"column":9}},"19":{"start":{"line":45,"column":12},"end":{"line":45,"column":63}},"20":{"start":{"line":48,"column":8},"end":{"line":48,"column":61}},"21":{"start":{"line":48,"column":41},"end":{"line":48,"column":59}},"22":{"start":{"line":52,"column":8},"end":{"line":52,"column":33}},"23":{"start":{"line":56,"column":8},"end":{"line":58,"column":9}},"24":{"start":{"line":57,"column":12},"end":{"line":57,"column":61}},"25":{"start":{"line":60,"column":27},"end":{"line":60,"column":53}},"26":{"start":{"line":61,"column":8},"end":{"line":63,"column":10}},"27":{"start":{"line":62,"column":12},"end":{"line":62,"column":51}},"28":{"start":{"line":67,"column":8},"end":{"line":67,"column":24}},"29":{"start":{"line":71,"column":0},"end":{"line":71,"column":29}}},"fnMap":{"0":{"name":"(anonymous_0)","decl":{"start":{"line":4,"column":4},"end":{"line":4,"column":5}},"loc":{"start":{"line":4,"column":18},"end":{"line":6,"column":5}},"line":4},"1":{"name":"(anonymous_1)","decl":{"start":{"line":8,"column":4},"end":{"line":8,"column":5}},"loc":{"start":{"line":8,"column":18},"end":{"line":13,"column":5}},"line":8},"2":{"name":"(anonymous_2)","decl":{"start":{"line":15,"column":4},"end":{"line":15,"column":5}},"loc":{"start":{"line":15,"column":22},"end":{"line":26,"column":5}},"line":15},"3":{"name":"(anonymous_3)","decl":{"start":{"line":22,"column":39},"end":{"line":22,"column":40}},"loc":{"start":{"line":23,"column":12},"end":{"line":23,"column":51}},"line":23},"4":{"name":"(anonymous_4)","decl":{"start":{"line":28,"column":4},"end":{"line":28,"column":5}},"loc":{"start":{"line":28,"column":18},"end":{"line":30,"column":5}},"line":28},"5":{"name":"(anonymous_5)","decl":{"start":{"line":32,"column":4},"end":{"line":32,"column":5}},"loc":{"start":{"line":32,"column":30},"end":{"line":41,"column":5}},"line":32},"6":{"name":"(anonymous_6)","decl":{"start":{"line":38,"column":33},"end":{"line":38,"column":34}},"loc":{"start":{"line":39,"column":12},"end":{"line":39,"column":53}},"line":39},"7":{"name":"(anonymous_7)","decl":{"start":{"line":43,"column":4},"end":{"line":43,"column":5}},"loc":{"start":{"line":43,"column":26},"end":{"line":49,"column":5}},"line":43},"8":{"name":"(anonymous_8)","decl":{"start":{"line":48,"column":33},"end":{"line":48,"column":34}},"loc":{"start":{"line":48,"column":41},"end":{"line":48,"column":59}},"line":48},"9":{"name":"(anonymous_9)","decl":{"start":{"line":51,"column":4},"end":{"line":51,"column":5}},"loc":{"start":{"line":51,"column":19},"end":{"line":53,"column":5}},"line":51},"10":{"name":"(anonymous_10)","decl":{"start":{"line":55,"column":4},"end":{"line":55,"column":5}},"loc":{"start":{"line":55,"column":24},"end":{"line":64,"column":5}},"line":55},"11":{"name":"(anonymous_11)","decl":{"start":{"line":61,"column":31},"end":{"line":61,"column":32}},"loc":{"start":{"line":62,"column":12},"end":{"line":62,"column":51}},"line":62},"12":{"name":"(anonymous_12)","decl":{"start":{"line":66,"column":4},"end":{"line":66,"column":5}},"loc":{"start":{"line":66,"column":20},"end":{"line":68,"column":5}},"line":66}},"branchMap":{"0":{"loc":{"start":{"line":9,"column":8},"end":{"line":11,"column":9}},"type":"if","locations":[{"start":{"line":9,"column":8},"end":{"line":11,"column":9}},{"start":{},"end":{}}],"line":9},"1":{"loc":{"start":{"line":16,"column":8},"end":{"line":18,"column":9}},"type":"if","locations":[{"start":{"line":16,"column":8},"end":{"line":18,"column":9}},{"start":{},"end":{}}],"line":16},"2":{"loc":{"start":{"line":16,"column":12},"end":{"line":16,"column":43}},"type":"binary-expr","locations":[{"start":{"line":16,"column":12},"end":{"line":16,"column":26}},{"start":{"line":16,"column":30},"end":{"line":16,"column":43}}],"line":16},"3":{"loc":{"start":{"line":33,"column":8},"end":{"line":35,"column":9}},"type":"if","locations":[{"start":{"line":33,"column":8},"end":{"line":35,"column":9}},{"start":{},"end":{}}],"line":33},"4":{"loc":{"start":{"line":33,"column":12},"end":{"line":33,"column":45}},"type":"binary-expr","locations":[{"start":{"line":33,"column":12},"end":{"line":33,"column":27}},{"start":{"line":33,"column":31},"end":{"line":33,"column":45}}],"line":33},"5":{"loc":{"start":{"line":44,"column":8},"end":{"line":46,"column":9}},"type":"if","locations":[{"start":{"line":44,"column":8},"end":{"line":46,"column":9}},{"start":{},"end":{}}],"line":44},"6":{"loc":{"start":{"line":44,"column":12},"end":{"line":44,"column":35}},"type":"binary-expr","locations":[{"start":{"line":44,"column":12},"end":{"line":44,"column":20}},{"start":{"line":44,"column":24},"end":{"line":44,"column":35}}],"line":44},"7":{"loc":{"start":{"line":56,"column":8},"end":{"line":58,"column":9}},"type":"if","locations":[{"start":{"line":56,"column":8},"end":{"line":58,"column":9}},{"start":{},"end":{}}],"line":56},"8":{"loc":{"start":{"line":56,"column":12},"end":{"line":56,"column":43}},"type":"binary-expr","locations":[{"start":{"line":56,"column":12},"end":{"line":56,"column":26}},{"start":{"line":56,"column":30},"end":{"line":56,"column":43}}],"line":56}},"s":{"0":1,"1":5,"2":7,"3":0,"4":7,"5":2,"6":0,"7":2,"8":2,"9":2,"10":1,"11":2,"12":1,"13":1,"14":0,"15":1,"16":1,"17":3,"18":0,"19":0,"20":0,"21":0,"22":2,"23":0,"24":0,"25":0,"26":0,"27":0,"28":0,"29":1},"f":{"0":5,"1":7,"2":2,"3":1,"4":1,"5":1,"6":3,"7":0,"8":0,"9":2,"10":0,"11":0,"12":0},"b":{"0":[0,7],"1":[0,2],"2":[2,2],"3":[0,1],"4":[1,1],"5":[0,0],"6":[0,0],"7":[0,0],"8":[0,0]},"_coverageSchema":"1a1c01bbd47fc00a2c39e90264f33305004495a9","hash":"a30e40cb020bed2e75a438b4cdb7e3dfbb4ce1bf"}
}
