TN:
SF:book.js
FN:2,(anonymous_0)
FN:18,(anonymous_1)
FN:22,(anonymous_2)
FNF:3
FNH:1
FNDA:7,(anonymous_0)
FNDA:0,(anonymous_1)
FNDA:0,(anonymous_2)
DA:3,7
DA:4,0
DA:6,7
DA:7,0
DA:9,7
DA:10,0
DA:13,7
DA:14,7
DA:15,7
DA:19,0
DA:23,0
DA:24,0
DA:26,0
DA:32,1
LF:14
LH:7
BRDA:3,0,0,0
BRDA:3,0,1,7
BRDA:3,1,0,7
BRDA:3,1,1,7
BRDA:6,2,0,0
BRDA:6,2,1,7
BRDA:6,3,0,7
BRDA:6,3,1,7
BRDA:9,4,0,0
BRDA:9,4,1,7
BRDA:9,5,0,7
BRDA:9,5,1,7
BRDA:23,6,0,0
BRDA:23,6,1,0
BRDA:26,7,0,0
BRDA:26,7,1,0
BRDA:26,7,2,0
BRF:17
BRH:9
end_of_record
TN:
SF:bookManager.js
FN:4,(anonymous_0)
FN:8,(anonymous_1)
FN:15,(anonymous_2)
FN:22,(anonymous_3)
FN:28,(anonymous_4)
FN:32,(anonymous_5)
FN:38,(anonymous_6)
FN:43,(anonymous_7)
FN:48,(anonymous_8)
FN:51,(anonymous_9)
FN:55,(anonymous_10)
FN:61,(anonymous_11)
FN:66,(anonymous_12)
FNF:13
FNH:8
FNDA:5,(anonymous_0)
FNDA:7,(anonymous_1)
FNDA:2,(anonymous_2)
FNDA:1,(anonymous_3)
FNDA:1,(anonymous_4)
FNDA:1,(anonymous_5)
FNDA:3,(anonymous_6)
FNDA:0,(anonymous_7)
FNDA:0,(anonymous_8)
FNDA:2,(anonymous_9)
FNDA:0,(anonymous_10)
FNDA:0,(anonymous_11)
FNDA:0,(anonymous_12)
DA:1,1
DA:5,5
DA:9,7
DA:10,0
DA:12,7
DA:16,2
DA:17,0
DA:20,2
DA:21,2
DA:22,2
DA:23,1
DA:25,2
DA:29,1
DA:33,1
DA:34,0
DA:37,1
DA:38,1
DA:39,3
DA:44,0
DA:45,0
DA:48,0
DA:52,2
DA:56,0
DA:57,0
DA:60,0
DA:61,0
DA:62,0
DA:67,0
DA:71,1
LF:29
LH:17
BRDA:9,0,0,0
BRDA:9,0,1,7
BRDA:16,1,0,0
BRDA:16,1,1,2
BRDA:16,2,0,2
BRDA:16,2,1,2
BRDA:33,3,0,0
BRDA:33,3,1,1
BRDA:33,4,0,1
BRDA:33,4,1,1
BRDA:44,5,0,0
BRDA:44,5,1,0
BRDA:44,6,0,0
BRDA:44,6,1,0
BRDA:56,7,0,0
BRDA:56,7,1,0
BRDA:56,8,0,0
BRDA:56,8,1,0
BRF:18
BRH:7
end_of_record
